<?xml version="1.0" encoding="UTF-8"?>
<!-- Generated by org.testng.reporters.JUnitReportReporter -->
<testsuite skipped="0" hostname="Aditya-Laptop" name="com.clearTrip.test.HotelBookingTest" tests="1" failures="0" timestamp="31 May 2018 14:49:40 GMT" time="40.956" errors="0">
  <testcase name="shouldBeAbleToSearchForHotels" time="40.956" classname="com.clearTrip.test.HotelBookingTest"/>
</testsuite> <!-- com.clearTrip.test.HotelBookingTest -->
