<?xml version="1.0" encoding="UTF-8"?>
<!-- Generated by org.testng.reporters.JUnitReportReporter -->
<testsuite skipped="0" hostname="Aditya-Laptop" name="com.clearTrip.test.FlightBookingTest" tests="2" failures="0" timestamp="14 Jun 2018 14:03:34 GMT" time="119.219" errors="0">
  <testcase name="testThatResultsAppearForAOneWayJourney" time="87.311" classname="com.clearTrip.test.FlightBookingTest"/>
  <testcase name="testThatResultsAppearForAOneWayJourney" time="31.908" classname="com.clearTrip.test.FlightBookingTest"/>
</testsuite> <!-- com.clearTrip.test.FlightBookingTest -->
