<?xml version="1.0" encoding="UTF-8"?>
<!-- Generated by org.testng.reporters.JUnitReportReporter -->
<testsuite skipped="0" hostname="Aditya-Laptop" name="com.clearTrip.test.SignInTest" tests="1" failures="0" timestamp="29 May 2018 15:17:26 GMT" time="28.367" errors="0">
  <testcase name="shouldThrowAnErrorIfSignInDetailsAreMissing" time="28.367" classname="com.clearTrip.test.SignInTest"/>
</testsuite> <!-- com.clearTrip.test.SignInTest -->
