<?xml version="1.0" encoding="UTF-8"?>
<!-- Generated by org.testng.reporters.JUnitReportReporter -->
<testsuite skipped="0" hostname="Aditya-Laptop" name="com.clearTrip.test.SignInTest" tests="4" failures="0" timestamp="31 May 2018 14:49:40 GMT" time="100.701" errors="0">
  <testcase name="shouldThrowAnErrorIfSignInDetailsAreMissing" time="21.939" classname="com.clearTrip.test.SignInTest"/>
  <testcase name="shouldThrowAnErrorIfSignInDetailsAreMissing" time="27.817" classname="com.clearTrip.test.SignInTest"/>
  <testcase name="shouldThrowAnErrorIfSignInDetailsAreMissing" time="22.435" classname="com.clearTrip.test.SignInTest"/>
  <testcase name="shouldThrowAnErrorIfSignInDetailsAreMissing" time="28.510" classname="com.clearTrip.test.SignInTest"/>
</testsuite> <!-- com.clearTrip.test.SignInTest -->
