<?xml version="1.0" encoding="UTF-8"?>
<!-- Generated by org.testng.reporters.JUnitReportReporter -->
<testsuite skipped="0" hostname="Aditya-Laptop" name="com.clearTrip.test.SignInTest" tests="1" failures="0" timestamp="29 May 2018 10:53:38 GMT" time="25.641" errors="0">
  <testcase name="shouldThrowAnErrorIfSignInDetailsAreMissing" time="25.641" classname="com.clearTrip.test.SignInTest"/>
</testsuite> <!-- com.clearTrip.test.SignInTest -->
