<?xml version="1.0" encoding="UTF-8"?>
<!-- Generated by org.testng.reporters.JUnitReportReporter -->
<testsuite skipped="0" hostname="Aditya-Laptop" name="com.clearTrip.test.FlightBookingTest" tests="1" failures="0" timestamp="31 May 2018 14:49:40 GMT" time="35.400" errors="0">
  <testcase name="testThatResultsAppearForAOneWayJourney" time="35.400" classname="com.clearTrip.test.FlightBookingTest"/>
</testsuite> <!-- com.clearTrip.test.FlightBookingTest -->
