<?xml version="1.0" encoding="UTF-8"?>
<!-- Generated by org.testng.reporters.JUnitReportReporter -->
<testsuite skipped="0" hostname="Aditya-Laptop" name="com.cleartrip.bean.Sampleproject" tests="1" failures="0" timestamp="30 May 2018 12:01:54 GMT" time="0.542" errors="0">
  <testcase name="sampleTest" time="0.542" classname="com.cleartrip.bean.Sampleproject"/>
</testsuite> <!-- com.cleartrip.bean.Sampleproject -->
