<?xml version="1.0" encoding="UTF-8"?>
<!-- Generated by org.testng.reporters.JUnitReportReporter -->
<testsuite skipped="0" hostname="Aditya-Laptop" name="com.clearTrip.test.FlightBookingTest" tests="1" failures="0" timestamp="31 May 2018 12:48:41 GMT" time="40.120" errors="0">
  <testcase name="testThatResultsAppearForAOneWayJourney" time="40.120" classname="com.clearTrip.test.FlightBookingTest"/>
</testsuite> <!-- com.clearTrip.test.FlightBookingTest -->
