<?xml version="1.0" encoding="UTF-8"?>
<!-- Generated by org.testng.reporters.JUnitReportReporter -->
<testsuite skipped="0" hostname="Aditya-Laptop" name="com.clearTrip.test.HotelBookingTest" tests="2" failures="0" timestamp="14 Jun 2018 14:03:34 GMT" time="61.229" errors="0">
  <testcase name="shouldBeAbleToSearchForHotels" time="30.777" classname="com.clearTrip.test.HotelBookingTest"/>
  <testcase name="shouldBeAbleToSearchForHotels" time="30.452" classname="com.clearTrip.test.HotelBookingTest"/>
</testsuite> <!-- com.clearTrip.test.HotelBookingTest -->
