<?xml version="1.0" encoding="UTF-8"?>
<!-- Generated by org.testng.reporters.JUnitReportReporter -->
<testsuite skipped="0" hostname="Aditya-Laptop" name="com.clearTrip.test.FlightBookingTest" tests="1" failures="0" timestamp="29 May 2018 21:13:03 GMT" time="50.559" errors="0">
  <testcase name="testThatResultsAppearForAOneWayJourney" time="50.559" classname="com.clearTrip.test.FlightBookingTest"/>
</testsuite> <!-- com.clearTrip.test.FlightBookingTest -->
