<?xml version="1.0" encoding="UTF-8"?>
<!-- Generated by org.testng.reporters.JUnitReportReporter -->
<testsuite skipped="0" hostname="Aditya-Laptop" name="com.clearTrip.test.HotelBookingTest" tests="1" failures="0" timestamp="29 May 2018 15:17:26 GMT" time="45.149" errors="0">
  <testcase name="shouldBeAbleToSearchForHotels" time="45.149" classname="com.clearTrip.test.HotelBookingTest"/>
</testsuite> <!-- com.clearTrip.test.HotelBookingTest -->
