<?xml version="1.0" encoding="UTF-8"?>
<!-- Generated by org.testng.reporters.JUnitReportReporter -->
<testsuite skipped="0" hostname="Aditya-Laptop" name="com.clearTrip.test.SignInTest" tests="4" failures="0" timestamp="31 May 2018 12:48:41 GMT" time="128.767" errors="0">
  <testcase name="shouldThrowAnErrorIfSignInDetailsAreMissing" time="30.129" classname="com.clearTrip.test.SignInTest"/>
  <testcase name="shouldThrowAnErrorIfSignInDetailsAreMissing" time="24.094" classname="com.clearTrip.test.SignInTest"/>
  <testcase name="shouldThrowAnErrorIfSignInDetailsAreMissing" time="26.324" classname="com.clearTrip.test.SignInTest"/>
  <testcase name="shouldThrowAnErrorIfSignInDetailsAreMissing" time="48.220" classname="com.clearTrip.test.SignInTest"/>
</testsuite> <!-- com.clearTrip.test.SignInTest -->
