<?xml version="1.0" encoding="UTF-8"?>
<!-- Generated by org.testng.reporters.JUnitReportReporter -->
<testsuite skipped="0" hostname="Aditya-Laptop" name="com.clearTrip.test.SignInTest" tests="4" failures="0" timestamp="14 Jun 2018 14:03:34 GMT" time="50.236" errors="0">
  <testcase name="shouldThrowAnErrorIfSignInDetailsAreMissing" time="8.989" classname="com.clearTrip.test.SignInTest"/>
  <testcase name="shouldThrowAnErrorIfSignInDetailsAreMissing" time="8.595" classname="com.clearTrip.test.SignInTest"/>
  <testcase name="shouldThrowAnErrorIfSignInDetailsAreMissing" time="16.042" classname="com.clearTrip.test.SignInTest"/>
  <testcase name="shouldThrowAnErrorIfSignInDetailsAreMissing" time="16.610" classname="com.clearTrip.test.SignInTest"/>
</testsuite> <!-- com.clearTrip.test.SignInTest -->
